<?xml version="1.0" encoding="UTF-8"?>
<!-- Generated by org.testng.reporters.JUnitReportReporter -->
<testsuite hostname="DESKTOP-9LLI94A" failures="0" tests="1" name="com.qa.tests.LoginTest" time="17.644" errors="0" timestamp="2022-09-23T13:33:32 IST" skipped="0">
  <testcase classname="com.qa.tests.LoginTest" name="loginTest" time="17.644"/>
  <system-out/>
</testsuite> <!-- com.qa.tests.LoginTest -->
